running develop
running egg_info
creating terrain_perception.egg-info
writing terrain_perception.egg-info/PKG-INFO
writing dependency_links to terrain_perception.egg-info/dependency_links.txt
writing entry points to terrain_perception.egg-info/entry_points.txt
writing requirements to terrain_perception.egg-info/requires.txt
writing top-level names to terrain_perception.egg-info/top_level.txt
writing manifest file 'terrain_perception.egg-info/SOURCES.txt'
reading manifest file 'terrain_perception.egg-info/SOURCES.txt'
writing manifest file 'terrain_perception.egg-info/SOURCES.txt'
running build_ext
Creating /home/jaro/projects/ortho_v9/ros2_ws/install/terrain_perception/lib/python3.10/site-packages/terrain-perception.egg-link (link to .)
Installing object_detector_tracker script to /home/jaro/projects/ortho_v9/ros2_ws/install/terrain_perception/bin

Installed /home/jaro/projects/ortho_v9/ros2_ws/build/terrain_perception
running symlink_data
creating /home/jaro/projects/ortho_v9/ros2_ws/install/terrain_perception/share/ament_index
creating /home/jaro/projects/ortho_v9/ros2_ws/install/terrain_perception/share/ament_index/resource_index
creating /home/jaro/projects/ortho_v9/ros2_ws/install/terrain_perception/share/ament_index/resource_index/packages
symbolically linking /home/jaro/projects/ortho_v9/ros2_ws/build/terrain_perception/resource/terrain_perception -> /home/jaro/projects/ortho_v9/ros2_ws/install/terrain_perception/share/ament_index/resource_index/packages
symbolically linking /home/jaro/projects/ortho_v9/ros2_ws/build/terrain_perception/package.xml -> /home/jaro/projects/ortho_v9/ros2_ws/install/terrain_perception/share/terrain_perception
creating /home/jaro/projects/ortho_v9/ros2_ws/install/terrain_perception/share/terrain_perception/launch
symbolically linking /home/jaro/projects/ortho_v9/ros2_ws/build/terrain_perception/launch/object_detector_tracker.launch.py -> /home/jaro/projects/ortho_v9/ros2_ws/install/terrain_perception/share/terrain_perception/launch
