[0.143s] DEBUG:colcon:Command line arguments: ['/usr/bin/colcon', 'build', '--symlink-install']
[0.143s] DEBUG:colcon:Parsed command line arguments: Namespace(log_base=None, log_level=None, verb_name='build', build_base='build', install_base='install', merge_install=False, symlink_install=True, test_result_base=None, continue_on_error=False, executor='parallel', parallel_workers=12, event_handlers=None, ignore_user_meta=False, metas=['./colcon.meta'], base_paths=['.'], packages_ignore=None, packages_ignore_regex=None, paths=None, packages_up_to=None, packages_up_to_regex=None, packages_above=None, packages_above_and_dependencies=None, packages_above_depth=None, packages_select_by_dep=None, packages_skip_by_dep=None, packages_skip_up_to=None, packages_select_build_failed=False, packages_skip_build_finished=False, packages_select_test_failures=False, packages_skip_test_passed=False, packages_select=None, packages_skip=None, packages_select_regex=None, packages_skip_regex=None, packages_start=None, packages_end=None, allow_overriding=[], cmake_args=None, cmake_target=None, cmake_target_skip_unavailable=False, cmake_clean_cache=False, cmake_clean_first=False, cmake_force_configure=False, ament_cmake_args=None, catkin_cmake_args=None, catkin_skip_building_tests=False, mixin_files=None, mixin=None, verb_parser=<colcon_mixin.mixin.mixin_argument.MixinArgumentDecorator object at 0x73ad1625df30>, verb_extension=<colcon_core.verb.build.BuildVerb object at 0x73ad1625cee0>, main=<bound method BuildVerb.main of <colcon_core.verb.build.BuildVerb object at 0x73ad1625cee0>>, mixin_verb=('build',))
[0.370s] Level 1:colcon.colcon_core.package_discovery:discover_packages(colcon_meta) check parameters
[0.371s] Level 1:colcon.colcon_core.package_discovery:discover_packages(recursive) check parameters
[0.371s] Level 1:colcon.colcon_core.package_discovery:discover_packages(ignore) check parameters
[0.371s] Level 1:colcon.colcon_core.package_discovery:discover_packages(path) check parameters
[0.371s] Level 1:colcon.colcon_core.package_discovery:discover_packages(colcon_meta) discover
[0.371s] Level 1:colcon.colcon_core.package_discovery:discover_packages(recursive) discover
[0.371s] INFO:colcon.colcon_core.package_discovery:Crawling recursively for packages in '/home/jaro/projects/ortho_v9/ros2_ws'
[0.371s] Level 1:colcon.colcon_core.package_identification:_identify(.) by extensions ['ignore', 'ignore_ament_install']
[0.371s] Level 1:colcon.colcon_core.package_identification:_identify(.) by extension 'ignore'
[0.371s] Level 1:colcon.colcon_core.package_identification:_identify(.) by extension 'ignore_ament_install'
[0.371s] Level 1:colcon.colcon_core.package_identification:_identify(.) by extensions ['colcon_pkg']
[0.371s] Level 1:colcon.colcon_core.package_identification:_identify(.) by extension 'colcon_pkg'
[0.371s] Level 1:colcon.colcon_core.package_identification:_identify(.) by extensions ['colcon_meta']
[0.371s] Level 1:colcon.colcon_core.package_identification:_identify(.) by extension 'colcon_meta'
[0.371s] Level 1:colcon.colcon_core.package_identification:_identify(.) by extensions ['ros']
[0.371s] Level 1:colcon.colcon_core.package_identification:_identify(.) by extension 'ros'
[0.386s] Level 1:colcon.colcon_core.package_identification:_identify(.) by extensions ['cmake', 'python']
[0.386s] Level 1:colcon.colcon_core.package_identification:_identify(.) by extension 'cmake'
[0.386s] Level 1:colcon.colcon_core.package_identification:_identify(.) by extension 'python'
[0.386s] Level 1:colcon.colcon_core.package_identification:_identify(.) by extensions ['python_setup_py']
[0.386s] Level 1:colcon.colcon_core.package_identification:_identify(.) by extension 'python_setup_py'
[0.386s] Level 1:colcon.colcon_core.package_identification:_identify(build) by extensions ['ignore', 'ignore_ament_install']
[0.386s] Level 1:colcon.colcon_core.package_identification:_identify(build) by extension 'ignore'
[0.386s] Level 1:colcon.colcon_core.package_identification:_identify(build) ignored
[0.386s] Level 1:colcon.colcon_core.package_identification:_identify(install) by extensions ['ignore', 'ignore_ament_install']
[0.387s] Level 1:colcon.colcon_core.package_identification:_identify(install) by extension 'ignore'
[0.387s] Level 1:colcon.colcon_core.package_identification:_identify(install) ignored
[0.387s] Level 1:colcon.colcon_core.package_identification:_identify(log) by extensions ['ignore', 'ignore_ament_install']
[0.387s] Level 1:colcon.colcon_core.package_identification:_identify(log) by extension 'ignore'
[0.387s] Level 1:colcon.colcon_core.package_identification:_identify(log) ignored
[0.387s] Level 1:colcon.colcon_core.package_identification:_identify(src) by extensions ['ignore', 'ignore_ament_install']
[0.387s] Level 1:colcon.colcon_core.package_identification:_identify(src) by extension 'ignore'
[0.387s] Level 1:colcon.colcon_core.package_identification:_identify(src) by extension 'ignore_ament_install'
[0.387s] Level 1:colcon.colcon_core.package_identification:_identify(src) by extensions ['colcon_pkg']
[0.387s] Level 1:colcon.colcon_core.package_identification:_identify(src) by extension 'colcon_pkg'
[0.387s] Level 1:colcon.colcon_core.package_identification:_identify(src) by extensions ['colcon_meta']
[0.387s] Level 1:colcon.colcon_core.package_identification:_identify(src) by extension 'colcon_meta'
[0.387s] Level 1:colcon.colcon_core.package_identification:_identify(src) by extensions ['ros']
[0.387s] Level 1:colcon.colcon_core.package_identification:_identify(src) by extension 'ros'
[0.388s] Level 1:colcon.colcon_core.package_identification:_identify(src) by extensions ['cmake', 'python']
[0.388s] Level 1:colcon.colcon_core.package_identification:_identify(src) by extension 'cmake'
[0.388s] Level 1:colcon.colcon_core.package_identification:_identify(src) by extension 'python'
[0.388s] Level 1:colcon.colcon_core.package_identification:_identify(src) by extensions ['python_setup_py']
[0.388s] Level 1:colcon.colcon_core.package_identification:_identify(src) by extension 'python_setup_py'
[0.388s] Level 1:colcon.colcon_core.package_identification:_identify(src/rover_bringup) by extensions ['ignore', 'ignore_ament_install']
[0.388s] Level 1:colcon.colcon_core.package_identification:_identify(src/rover_bringup) by extension 'ignore'
[0.388s] Level 1:colcon.colcon_core.package_identification:_identify(src/rover_bringup) by extension 'ignore_ament_install'
[0.388s] Level 1:colcon.colcon_core.package_identification:_identify(src/rover_bringup) by extensions ['colcon_pkg']
[0.388s] Level 1:colcon.colcon_core.package_identification:_identify(src/rover_bringup) by extension 'colcon_pkg'
[0.388s] Level 1:colcon.colcon_core.package_identification:_identify(src/rover_bringup) by extensions ['colcon_meta']
[0.388s] Level 1:colcon.colcon_core.package_identification:_identify(src/rover_bringup) by extension 'colcon_meta'
[0.388s] Level 1:colcon.colcon_core.package_identification:_identify(src/rover_bringup) by extensions ['ros']
[0.388s] Level 1:colcon.colcon_core.package_identification:_identify(src/rover_bringup) by extension 'ros'
[0.391s] DEBUG:colcon.colcon_core.package_identification:Package 'src/rover_bringup' with type 'ros.ament_cmake' and name 'rover_bringup'
[0.391s] Level 1:colcon.colcon_core.package_identification:_identify(src/terrain_gnn) by extensions ['ignore', 'ignore_ament_install']
[0.391s] Level 1:colcon.colcon_core.package_identification:_identify(src/terrain_gnn) by extension 'ignore'
[0.391s] Level 1:colcon.colcon_core.package_identification:_identify(src/terrain_gnn) by extension 'ignore_ament_install'
[0.392s] Level 1:colcon.colcon_core.package_identification:_identify(src/terrain_gnn) by extensions ['colcon_pkg']
[0.392s] Level 1:colcon.colcon_core.package_identification:_identify(src/terrain_gnn) by extension 'colcon_pkg'
[0.392s] Level 1:colcon.colcon_core.package_identification:_identify(src/terrain_gnn) by extensions ['colcon_meta']
[0.392s] Level 1:colcon.colcon_core.package_identification:_identify(src/terrain_gnn) by extension 'colcon_meta'
[0.392s] Level 1:colcon.colcon_core.package_identification:_identify(src/terrain_gnn) by extensions ['ros']
[0.392s] Level 1:colcon.colcon_core.package_identification:_identify(src/terrain_gnn) by extension 'ros'
[0.392s] DEBUG:colcon.colcon_core.package_identification:Package 'src/terrain_gnn' with type 'ros.ament_python' and name 'terrain_gnn'
[0.392s] Level 1:colcon.colcon_core.package_identification:_identify(src/terrain_perception) by extensions ['ignore', 'ignore_ament_install']
[0.393s] Level 1:colcon.colcon_core.package_identification:_identify(src/terrain_perception) by extension 'ignore'
[0.393s] Level 1:colcon.colcon_core.package_identification:_identify(src/terrain_perception) by extension 'ignore_ament_install'
[0.393s] Level 1:colcon.colcon_core.package_identification:_identify(src/terrain_perception) by extensions ['colcon_pkg']
[0.393s] Level 1:colcon.colcon_core.package_identification:_identify(src/terrain_perception) by extension 'colcon_pkg'
[0.393s] Level 1:colcon.colcon_core.package_identification:_identify(src/terrain_perception) by extensions ['colcon_meta']
[0.393s] Level 1:colcon.colcon_core.package_identification:_identify(src/terrain_perception) by extension 'colcon_meta'
[0.393s] Level 1:colcon.colcon_core.package_identification:_identify(src/terrain_perception) by extensions ['ros']
[0.393s] Level 1:colcon.colcon_core.package_identification:_identify(src/terrain_perception) by extension 'ros'
[0.393s] DEBUG:colcon.colcon_core.package_identification:Package 'src/terrain_perception' with type 'ros.ament_python' and name 'terrain_perception'
[0.394s] Level 1:colcon.colcon_core.package_identification:_identify(src/terrain_semantics) by extensions ['ignore', 'ignore_ament_install']
[0.394s] Level 1:colcon.colcon_core.package_identification:_identify(src/terrain_semantics) by extension 'ignore'
[0.394s] Level 1:colcon.colcon_core.package_identification:_identify(src/terrain_semantics) by extension 'ignore_ament_install'
[0.394s] Level 1:colcon.colcon_core.package_identification:_identify(src/terrain_semantics) by extensions ['colcon_pkg']
[0.394s] Level 1:colcon.colcon_core.package_identification:_identify(src/terrain_semantics) by extension 'colcon_pkg'
[0.394s] Level 1:colcon.colcon_core.package_identification:_identify(src/terrain_semantics) by extensions ['colcon_meta']
[0.394s] Level 1:colcon.colcon_core.package_identification:_identify(src/terrain_semantics) by extension 'colcon_meta'
[0.394s] Level 1:colcon.colcon_core.package_identification:_identify(src/terrain_semantics) by extensions ['ros']
[0.394s] Level 1:colcon.colcon_core.package_identification:_identify(src/terrain_semantics) by extension 'ros'
[0.395s] DEBUG:colcon.colcon_core.package_identification:Package 'src/terrain_semantics' with type 'ros.ament_python' and name 'terrain_semantics'
[0.395s] Level 1:colcon.colcon_core.package_identification:_identify(src/terrain_topology_nav) by extensions ['ignore', 'ignore_ament_install']
[0.395s] Level 1:colcon.colcon_core.package_identification:_identify(src/terrain_topology_nav) by extension 'ignore'
[0.395s] Level 1:colcon.colcon_core.package_identification:_identify(src/terrain_topology_nav) by extension 'ignore_ament_install'
[0.395s] Level 1:colcon.colcon_core.package_identification:_identify(src/terrain_topology_nav) by extensions ['colcon_pkg']
[0.395s] Level 1:colcon.colcon_core.package_identification:_identify(src/terrain_topology_nav) by extension 'colcon_pkg'
[0.395s] Level 1:colcon.colcon_core.package_identification:_identify(src/terrain_topology_nav) by extensions ['colcon_meta']
[0.395s] Level 1:colcon.colcon_core.package_identification:_identify(src/terrain_topology_nav) by extension 'colcon_meta'
[0.395s] Level 1:colcon.colcon_core.package_identification:_identify(src/terrain_topology_nav) by extensions ['ros']
[0.395s] Level 1:colcon.colcon_core.package_identification:_identify(src/terrain_topology_nav) by extension 'ros'
[0.396s] DEBUG:colcon.colcon_core.package_identification:Package 'src/terrain_topology_nav' with type 'ros.ament_python' and name 'terrain_topology_nav'
[0.396s] Level 1:colcon.colcon_core.package_discovery:discover_packages(recursive) using defaults
[0.396s] Level 1:colcon.colcon_core.package_discovery:discover_packages(ignore) discover
[0.396s] Level 1:colcon.colcon_core.package_discovery:discover_packages(ignore) using defaults
[0.396s] Level 1:colcon.colcon_core.package_discovery:discover_packages(path) discover
[0.396s] Level 1:colcon.colcon_core.package_discovery:discover_packages(path) using defaults
[0.436s] Level 1:colcon.colcon_core.package_discovery:discover_packages(prefix_path) check parameters
[0.436s] Level 1:colcon.colcon_core.package_discovery:discover_packages(prefix_path) discover
[0.440s] DEBUG:colcon.colcon_installed_package_information.package_discovery:Found 332 installed packages in /opt/ros/humble
[0.442s] Level 1:colcon.colcon_core.package_discovery:discover_packages(prefix_path) using defaults
[0.498s] Level 5:colcon.colcon_core.verb:set package 'rover_bringup' build argument 'cmake_args' from command line to 'None'
[0.498s] Level 5:colcon.colcon_core.verb:set package 'rover_bringup' build argument 'cmake_target' from command line to 'None'
[0.498s] Level 5:colcon.colcon_core.verb:set package 'rover_bringup' build argument 'cmake_target_skip_unavailable' from command line to 'False'
[0.498s] Level 5:colcon.colcon_core.verb:set package 'rover_bringup' build argument 'cmake_clean_cache' from command line to 'False'
[0.498s] Level 5:colcon.colcon_core.verb:set package 'rover_bringup' build argument 'cmake_clean_first' from command line to 'False'
[0.498s] Level 5:colcon.colcon_core.verb:set package 'rover_bringup' build argument 'cmake_force_configure' from command line to 'False'
[0.498s] Level 5:colcon.colcon_core.verb:set package 'rover_bringup' build argument 'ament_cmake_args' from command line to 'None'
[0.498s] Level 5:colcon.colcon_core.verb:set package 'rover_bringup' build argument 'catkin_cmake_args' from command line to 'None'
[0.498s] Level 5:colcon.colcon_core.verb:set package 'rover_bringup' build argument 'catkin_skip_building_tests' from command line to 'False'
[0.498s] DEBUG:colcon.colcon_core.verb:Building package 'rover_bringup' with the following arguments: {'ament_cmake_args': None, 'build_base': '/home/jaro/projects/ortho_v9/ros2_ws/build/rover_bringup', 'catkin_cmake_args': None, 'catkin_skip_building_tests': False, 'cmake_args': None, 'cmake_clean_cache': False, 'cmake_clean_first': False, 'cmake_force_configure': False, 'cmake_target': None, 'cmake_target_skip_unavailable': False, 'install_base': '/home/jaro/projects/ortho_v9/ros2_ws/install/rover_bringup', 'merge_install': False, 'path': '/home/jaro/projects/ortho_v9/ros2_ws/src/rover_bringup', 'symlink_install': True, 'test_result_base': None}
[0.499s] Level 5:colcon.colcon_core.verb:set package 'terrain_gnn' build argument 'cmake_args' from command line to 'None'
[0.499s] Level 5:colcon.colcon_core.verb:set package 'terrain_gnn' build argument 'cmake_target' from command line to 'None'
[0.499s] Level 5:colcon.colcon_core.verb:set package 'terrain_gnn' build argument 'cmake_target_skip_unavailable' from command line to 'False'
[0.499s] Level 5:colcon.colcon_core.verb:set package 'terrain_gnn' build argument 'cmake_clean_cache' from command line to 'False'
[0.499s] Level 5:colcon.colcon_core.verb:set package 'terrain_gnn' build argument 'cmake_clean_first' from command line to 'False'
[0.499s] Level 5:colcon.colcon_core.verb:set package 'terrain_gnn' build argument 'cmake_force_configure' from command line to 'False'
[0.499s] Level 5:colcon.colcon_core.verb:set package 'terrain_gnn' build argument 'ament_cmake_args' from command line to 'None'
[0.499s] Level 5:colcon.colcon_core.verb:set package 'terrain_gnn' build argument 'catkin_cmake_args' from command line to 'None'
[0.499s] Level 5:colcon.colcon_core.verb:set package 'terrain_gnn' build argument 'catkin_skip_building_tests' from command line to 'False'
[0.499s] DEBUG:colcon.colcon_core.verb:Building package 'terrain_gnn' with the following arguments: {'ament_cmake_args': None, 'build_base': '/home/jaro/projects/ortho_v9/ros2_ws/build/terrain_gnn', 'catkin_cmake_args': None, 'catkin_skip_building_tests': False, 'cmake_args': None, 'cmake_clean_cache': False, 'cmake_clean_first': False, 'cmake_force_configure': False, 'cmake_target': None, 'cmake_target_skip_unavailable': False, 'install_base': '/home/jaro/projects/ortho_v9/ros2_ws/install/terrain_gnn', 'merge_install': False, 'path': '/home/jaro/projects/ortho_v9/ros2_ws/src/terrain_gnn', 'symlink_install': True, 'test_result_base': None}
[0.500s] Level 5:colcon.colcon_core.verb:set package 'terrain_perception' build argument 'cmake_args' from command line to 'None'
[0.500s] Level 5:colcon.colcon_core.verb:set package 'terrain_perception' build argument 'cmake_target' from command line to 'None'
[0.500s] Level 5:colcon.colcon_core.verb:set package 'terrain_perception' build argument 'cmake_target_skip_unavailable' from command line to 'False'
[0.500s] Level 5:colcon.colcon_core.verb:set package 'terrain_perception' build argument 'cmake_clean_cache' from command line to 'False'
[0.500s] Level 5:colcon.colcon_core.verb:set package 'terrain_perception' build argument 'cmake_clean_first' from command line to 'False'
[0.500s] Level 5:colcon.colcon_core.verb:set package 'terrain_perception' build argument 'cmake_force_configure' from command line to 'False'
[0.500s] Level 5:colcon.colcon_core.verb:set package 'terrain_perception' build argument 'ament_cmake_args' from command line to 'None'
[0.500s] Level 5:colcon.colcon_core.verb:set package 'terrain_perception' build argument 'catkin_cmake_args' from command line to 'None'
[0.500s] Level 5:colcon.colcon_core.verb:set package 'terrain_perception' build argument 'catkin_skip_building_tests' from command line to 'False'
[0.500s] DEBUG:colcon.colcon_core.verb:Building package 'terrain_perception' with the following arguments: {'ament_cmake_args': None, 'build_base': '/home/jaro/projects/ortho_v9/ros2_ws/build/terrain_perception', 'catkin_cmake_args': None, 'catkin_skip_building_tests': False, 'cmake_args': None, 'cmake_clean_cache': False, 'cmake_clean_first': False, 'cmake_force_configure': False, 'cmake_target': None, 'cmake_target_skip_unavailable': False, 'install_base': '/home/jaro/projects/ortho_v9/ros2_ws/install/terrain_perception', 'merge_install': False, 'path': '/home/jaro/projects/ortho_v9/ros2_ws/src/terrain_perception', 'symlink_install': True, 'test_result_base': None}
[0.500s] Level 5:colcon.colcon_core.verb:set package 'terrain_semantics' build argument 'cmake_args' from command line to 'None'
[0.500s] Level 5:colcon.colcon_core.verb:set package 'terrain_semantics' build argument 'cmake_target' from command line to 'None'
[0.501s] Level 5:colcon.colcon_core.verb:set package 'terrain_semantics' build argument 'cmake_target_skip_unavailable' from command line to 'False'
[0.501s] Level 5:colcon.colcon_core.verb:set package 'terrain_semantics' build argument 'cmake_clean_cache' from command line to 'False'
[0.501s] Level 5:colcon.colcon_core.verb:set package 'terrain_semantics' build argument 'cmake_clean_first' from command line to 'False'
[0.501s] Level 5:colcon.colcon_core.verb:set package 'terrain_semantics' build argument 'cmake_force_configure' from command line to 'False'
[0.501s] Level 5:colcon.colcon_core.verb:set package 'terrain_semantics' build argument 'ament_cmake_args' from command line to 'None'
[0.501s] Level 5:colcon.colcon_core.verb:set package 'terrain_semantics' build argument 'catkin_cmake_args' from command line to 'None'
[0.501s] Level 5:colcon.colcon_core.verb:set package 'terrain_semantics' build argument 'catkin_skip_building_tests' from command line to 'False'
[0.501s] DEBUG:colcon.colcon_core.verb:Building package 'terrain_semantics' with the following arguments: {'ament_cmake_args': None, 'build_base': '/home/jaro/projects/ortho_v9/ros2_ws/build/terrain_semantics', 'catkin_cmake_args': None, 'catkin_skip_building_tests': False, 'cmake_args': None, 'cmake_clean_cache': False, 'cmake_clean_first': False, 'cmake_force_configure': False, 'cmake_target': None, 'cmake_target_skip_unavailable': False, 'install_base': '/home/jaro/projects/ortho_v9/ros2_ws/install/terrain_semantics', 'merge_install': False, 'path': '/home/jaro/projects/ortho_v9/ros2_ws/src/terrain_semantics', 'symlink_install': True, 'test_result_base': None}
[0.501s] Level 5:colcon.colcon_core.verb:set package 'terrain_topology_nav' build argument 'cmake_args' from command line to 'None'
[0.501s] Level 5:colcon.colcon_core.verb:set package 'terrain_topology_nav' build argument 'cmake_target' from command line to 'None'
[0.501s] Level 5:colcon.colcon_core.verb:set package 'terrain_topology_nav' build argument 'cmake_target_skip_unavailable' from command line to 'False'
[0.501s] Level 5:colcon.colcon_core.verb:set package 'terrain_topology_nav' build argument 'cmake_clean_cache' from command line to 'False'
[0.501s] Level 5:colcon.colcon_core.verb:set package 'terrain_topology_nav' build argument 'cmake_clean_first' from command line to 'False'
[0.501s] Level 5:colcon.colcon_core.verb:set package 'terrain_topology_nav' build argument 'cmake_force_configure' from command line to 'False'
[0.501s] Level 5:colcon.colcon_core.verb:set package 'terrain_topology_nav' build argument 'ament_cmake_args' from command line to 'None'
[0.501s] Level 5:colcon.colcon_core.verb:set package 'terrain_topology_nav' build argument 'catkin_cmake_args' from command line to 'None'
[0.501s] Level 5:colcon.colcon_core.verb:set package 'terrain_topology_nav' build argument 'catkin_skip_building_tests' from command line to 'False'
[0.501s] DEBUG:colcon.colcon_core.verb:Building package 'terrain_topology_nav' with the following arguments: {'ament_cmake_args': None, 'build_base': '/home/jaro/projects/ortho_v9/ros2_ws/build/terrain_topology_nav', 'catkin_cmake_args': None, 'catkin_skip_building_tests': False, 'cmake_args': None, 'cmake_clean_cache': False, 'cmake_clean_first': False, 'cmake_force_configure': False, 'cmake_target': None, 'cmake_target_skip_unavailable': False, 'install_base': '/home/jaro/projects/ortho_v9/ros2_ws/install/terrain_topology_nav', 'merge_install': False, 'path': '/home/jaro/projects/ortho_v9/ros2_ws/src/terrain_topology_nav', 'symlink_install': True, 'test_result_base': None}
[0.502s] INFO:colcon.colcon_core.executor:Executing jobs using 'parallel' executor
[0.503s] DEBUG:colcon.colcon_parallel_executor.executor.parallel:run_until_complete
[0.503s] INFO:colcon.colcon_ros.task.ament_cmake.build:Building ROS package in '/home/jaro/projects/ortho_v9/ros2_ws/src/rover_bringup' with build type 'ament_cmake'
[0.503s] INFO:colcon.colcon_cmake.task.cmake.build:Building CMake package in '/home/jaro/projects/ortho_v9/ros2_ws/src/rover_bringup'
[0.506s] INFO:colcon.colcon_core.plugin_system:Skipping extension 'colcon_core.shell.bat': Not used on non-Windows systems
[0.506s] INFO:colcon.colcon_core.shell:Skip shell extension 'powershell' for command environment: Not usable outside of PowerShell
[0.506s] DEBUG:colcon.colcon_core.shell:Skip shell extension 'dsv' for command environment
[0.510s] INFO:colcon.colcon_ros.task.ament_python.build:Building ROS package in '/home/jaro/projects/ortho_v9/ros2_ws/src/terrain_gnn' with build type 'ament_python'
[0.510s] Level 1:colcon.colcon_core.shell:create_environment_hook('terrain_gnn', 'ament_prefix_path')
[0.511s] INFO:colcon.colcon_core.shell:Creating environment hook '/home/jaro/projects/ortho_v9/ros2_ws/install/terrain_gnn/share/terrain_gnn/hook/ament_prefix_path.ps1'
[0.512s] INFO:colcon.colcon_core.shell:Creating environment descriptor '/home/jaro/projects/ortho_v9/ros2_ws/install/terrain_gnn/share/terrain_gnn/hook/ament_prefix_path.dsv'
[0.513s] INFO:colcon.colcon_core.shell:Creating environment hook '/home/jaro/projects/ortho_v9/ros2_ws/install/terrain_gnn/share/terrain_gnn/hook/ament_prefix_path.sh'
[0.514s] INFO:colcon.colcon_core.shell:Skip shell extension 'powershell' for command environment: Not usable outside of PowerShell
[0.514s] DEBUG:colcon.colcon_core.shell:Skip shell extension 'dsv' for command environment
[0.519s] INFO:colcon.colcon_ros.task.ament_python.build:Building ROS package in '/home/jaro/projects/ortho_v9/ros2_ws/src/terrain_perception' with build type 'ament_python'
[0.519s] Level 1:colcon.colcon_core.shell:create_environment_hook('terrain_perception', 'ament_prefix_path')
[0.519s] INFO:colcon.colcon_core.shell:Creating environment hook '/home/jaro/projects/ortho_v9/ros2_ws/install/terrain_perception/share/terrain_perception/hook/ament_prefix_path.ps1'
[0.520s] INFO:colcon.colcon_core.shell:Creating environment descriptor '/home/jaro/projects/ortho_v9/ros2_ws/install/terrain_perception/share/terrain_perception/hook/ament_prefix_path.dsv'
[0.521s] INFO:colcon.colcon_core.shell:Creating environment hook '/home/jaro/projects/ortho_v9/ros2_ws/install/terrain_perception/share/terrain_perception/hook/ament_prefix_path.sh'
[0.522s] INFO:colcon.colcon_core.shell:Skip shell extension 'powershell' for command environment: Not usable outside of PowerShell
[0.522s] DEBUG:colcon.colcon_core.shell:Skip shell extension 'dsv' for command environment
[0.526s] INFO:colcon.colcon_ros.task.ament_python.build:Building ROS package in '/home/jaro/projects/ortho_v9/ros2_ws/src/terrain_semantics' with build type 'ament_python'
[0.526s] Level 1:colcon.colcon_core.shell:create_environment_hook('terrain_semantics', 'ament_prefix_path')
[0.526s] INFO:colcon.colcon_core.shell:Creating environment hook '/home/jaro/projects/ortho_v9/ros2_ws/install/terrain_semantics/share/terrain_semantics/hook/ament_prefix_path.ps1'
[0.527s] INFO:colcon.colcon_core.shell:Creating environment descriptor '/home/jaro/projects/ortho_v9/ros2_ws/install/terrain_semantics/share/terrain_semantics/hook/ament_prefix_path.dsv'
[0.527s] INFO:colcon.colcon_core.shell:Creating environment hook '/home/jaro/projects/ortho_v9/ros2_ws/install/terrain_semantics/share/terrain_semantics/hook/ament_prefix_path.sh'
[0.528s] INFO:colcon.colcon_core.shell:Skip shell extension 'powershell' for command environment: Not usable outside of PowerShell
[0.528s] DEBUG:colcon.colcon_core.shell:Skip shell extension 'dsv' for command environment
[0.532s] INFO:colcon.colcon_ros.task.ament_python.build:Building ROS package in '/home/jaro/projects/ortho_v9/ros2_ws/src/terrain_topology_nav' with build type 'ament_python'
[0.532s] Level 1:colcon.colcon_core.shell:create_environment_hook('terrain_topology_nav', 'ament_prefix_path')
[0.532s] INFO:colcon.colcon_core.shell:Creating environment hook '/home/jaro/projects/ortho_v9/ros2_ws/install/terrain_topology_nav/share/terrain_topology_nav/hook/ament_prefix_path.ps1'
[0.534s] INFO:colcon.colcon_core.shell:Creating environment descriptor '/home/jaro/projects/ortho_v9/ros2_ws/install/terrain_topology_nav/share/terrain_topology_nav/hook/ament_prefix_path.dsv'
[0.535s] INFO:colcon.colcon_core.shell:Creating environment hook '/home/jaro/projects/ortho_v9/ros2_ws/install/terrain_topology_nav/share/terrain_topology_nav/hook/ament_prefix_path.sh'
[0.536s] INFO:colcon.colcon_core.shell:Skip shell extension 'powershell' for command environment: Not usable outside of PowerShell
[0.536s] DEBUG:colcon.colcon_core.shell:Skip shell extension 'dsv' for command environment
[0.548s] DEBUG:colcon.colcon_core.event_handler.log_command:Invoking command in '/home/jaro/projects/ortho_v9/ros2_ws/build/rover_bringup': CMAKE_PREFIX_PATH=/opt/ros/humble /usr/bin/cmake /home/jaro/projects/ortho_v9/ros2_ws/src/rover_bringup -DAMENT_CMAKE_SYMLINK_INSTALL=1 -DCMAKE_INSTALL_PREFIX=/home/jaro/projects/ortho_v9/ros2_ws/install/rover_bringup
[0.956s] INFO:colcon.colcon_core.task.python.build:Building Python package in '/home/jaro/projects/ortho_v9/ros2_ws/src/terrain_gnn'
[0.956s] INFO:colcon.colcon_core.shell:Skip shell extension 'powershell' for command environment: Not usable outside of PowerShell
[0.957s] DEBUG:colcon.colcon_core.shell:Skip shell extension 'dsv' for command environment
[1.352s] INFO:colcon.colcon_core.task.python.build:Building Python package in '/home/jaro/projects/ortho_v9/ros2_ws/src/terrain_perception'
[1.353s] INFO:colcon.colcon_core.shell:Skip shell extension 'powershell' for command environment: Not usable outside of PowerShell
[1.353s] DEBUG:colcon.colcon_core.shell:Skip shell extension 'dsv' for command environment
[1.720s] INFO:colcon.colcon_core.task.python.build:Building Python package in '/home/jaro/projects/ortho_v9/ros2_ws/src/terrain_semantics'
[1.720s] INFO:colcon.colcon_core.shell:Skip shell extension 'powershell' for command environment: Not usable outside of PowerShell
[1.720s] DEBUG:colcon.colcon_core.shell:Skip shell extension 'dsv' for command environment
[2.064s] INFO:colcon.colcon_core.task.python.build:Building Python package in '/home/jaro/projects/ortho_v9/ros2_ws/src/terrain_topology_nav'
[2.064s] INFO:colcon.colcon_core.shell:Skip shell extension 'powershell' for command environment: Not usable outside of PowerShell
[2.065s] DEBUG:colcon.colcon_core.shell:Skip shell extension 'dsv' for command environment
[2.071s] DEBUG:colcon.colcon_core.event_handler.log_command:Invoked command in '/home/jaro/projects/ortho_v9/ros2_ws/build/rover_bringup' returned '0': CMAKE_PREFIX_PATH=/opt/ros/humble /usr/bin/cmake /home/jaro/projects/ortho_v9/ros2_ws/src/rover_bringup -DAMENT_CMAKE_SYMLINK_INSTALL=1 -DCMAKE_INSTALL_PREFIX=/home/jaro/projects/ortho_v9/ros2_ws/install/rover_bringup
[2.072s] DEBUG:colcon.colcon_core.event_handler.log_command:Invoking command in '/home/jaro/projects/ortho_v9/ros2_ws/build/rover_bringup': CMAKE_PREFIX_PATH=/opt/ros/humble /usr/bin/cmake --build /home/jaro/projects/ortho_v9/ros2_ws/build/rover_bringup -- -j12 -l12
[2.143s] DEBUG:colcon.colcon_core.event_handler.log_command:Invoked command in '/home/jaro/projects/ortho_v9/ros2_ws/build/rover_bringup' returned '0': CMAKE_PREFIX_PATH=/opt/ros/humble /usr/bin/cmake --build /home/jaro/projects/ortho_v9/ros2_ws/build/rover_bringup -- -j12 -l12
[2.165s] DEBUG:colcon.colcon_core.event_handler.log_command:Invoking command in '/home/jaro/projects/ortho_v9/ros2_ws/build/rover_bringup': CMAKE_PREFIX_PATH=/opt/ros/humble /usr/bin/cmake --install /home/jaro/projects/ortho_v9/ros2_ws/build/rover_bringup
[2.576s] Level 1:colcon.colcon_core.environment:create_environment_scripts_only(rover_bringup)
[2.577s] DEBUG:colcon.colcon_core.event_handler.log_command:Invoked command in '/home/jaro/projects/ortho_v9/ros2_ws/build/rover_bringup' returned '0': CMAKE_PREFIX_PATH=/opt/ros/humble /usr/bin/cmake --install /home/jaro/projects/ortho_v9/ros2_ws/build/rover_bringup
[2.581s] Level 1:colcon.colcon_core.environment:checking '/home/jaro/projects/ortho_v9/ros2_ws/install/rover_bringup' for CMake module files
[2.582s] Level 1:colcon.colcon_core.environment:checking '/home/jaro/projects/ortho_v9/ros2_ws/install/rover_bringup' for CMake config files
[2.582s] Level 1:colcon.colcon_core.shell:create_environment_hook('rover_bringup', 'cmake_prefix_path')
[2.583s] INFO:colcon.colcon_core.shell:Creating environment hook '/home/jaro/projects/ortho_v9/ros2_ws/install/rover_bringup/share/rover_bringup/hook/cmake_prefix_path.ps1'
[2.584s] INFO:colcon.colcon_core.shell:Creating environment descriptor '/home/jaro/projects/ortho_v9/ros2_ws/install/rover_bringup/share/rover_bringup/hook/cmake_prefix_path.dsv'
[2.585s] INFO:colcon.colcon_core.shell:Creating environment hook '/home/jaro/projects/ortho_v9/ros2_ws/install/rover_bringup/share/rover_bringup/hook/cmake_prefix_path.sh'
[2.586s] Level 1:colcon.colcon_core.environment:checking '/home/jaro/projects/ortho_v9/ros2_ws/install/rover_bringup/bin'
[2.586s] Level 1:colcon.colcon_core.environment:checking '/home/jaro/projects/ortho_v9/ros2_ws/install/rover_bringup/lib/pkgconfig/rover_bringup.pc'
[2.586s] Level 1:colcon.colcon_core.environment:checking '/home/jaro/projects/ortho_v9/ros2_ws/install/rover_bringup/lib/python3.10/site-packages'
[2.587s] Level 1:colcon.colcon_core.environment:checking '/home/jaro/projects/ortho_v9/ros2_ws/install/rover_bringup/bin'
[2.588s] INFO:colcon.colcon_core.shell:Creating package script '/home/jaro/projects/ortho_v9/ros2_ws/install/rover_bringup/share/rover_bringup/package.ps1'
[2.589s] INFO:colcon.colcon_core.shell:Creating package descriptor '/home/jaro/projects/ortho_v9/ros2_ws/install/rover_bringup/share/rover_bringup/package.dsv'
[2.590s] INFO:colcon.colcon_core.shell:Creating package script '/home/jaro/projects/ortho_v9/ros2_ws/install/rover_bringup/share/rover_bringup/package.sh'
[2.592s] INFO:colcon.colcon_core.shell:Creating package script '/home/jaro/projects/ortho_v9/ros2_ws/install/rover_bringup/share/rover_bringup/package.bash'
[2.593s] INFO:colcon.colcon_core.shell:Creating package script '/home/jaro/projects/ortho_v9/ros2_ws/install/rover_bringup/share/rover_bringup/package.zsh'
[2.595s] Level 1:colcon.colcon_core.environment:create_file_with_runtime_dependencies(/home/jaro/projects/ortho_v9/ros2_ws/install/rover_bringup/share/colcon-core/packages/rover_bringup)
[2.596s] Level 1:colcon.colcon_core.environment:create_environment_scripts_only(rover_bringup)
[2.596s] Level 1:colcon.colcon_core.environment:checking '/home/jaro/projects/ortho_v9/ros2_ws/install/rover_bringup' for CMake module files
[2.597s] Level 1:colcon.colcon_core.environment:checking '/home/jaro/projects/ortho_v9/ros2_ws/install/rover_bringup' for CMake config files
[2.598s] Level 1:colcon.colcon_core.shell:create_environment_hook('rover_bringup', 'cmake_prefix_path')
[2.598s] INFO:colcon.colcon_core.shell:Creating environment hook '/home/jaro/projects/ortho_v9/ros2_ws/install/rover_bringup/share/rover_bringup/hook/cmake_prefix_path.ps1'
[2.599s] INFO:colcon.colcon_core.shell:Creating environment descriptor '/home/jaro/projects/ortho_v9/ros2_ws/install/rover_bringup/share/rover_bringup/hook/cmake_prefix_path.dsv'
[2.599s] INFO:colcon.colcon_core.shell:Creating environment hook '/home/jaro/projects/ortho_v9/ros2_ws/install/rover_bringup/share/rover_bringup/hook/cmake_prefix_path.sh'
[2.600s] Level 1:colcon.colcon_core.environment:checking '/home/jaro/projects/ortho_v9/ros2_ws/install/rover_bringup/bin'
[2.600s] Level 1:colcon.colcon_core.environment:checking '/home/jaro/projects/ortho_v9/ros2_ws/install/rover_bringup/lib/pkgconfig/rover_bringup.pc'
[2.601s] Level 1:colcon.colcon_core.environment:checking '/home/jaro/projects/ortho_v9/ros2_ws/install/rover_bringup/lib/python3.10/site-packages'
[2.601s] Level 1:colcon.colcon_core.environment:checking '/home/jaro/projects/ortho_v9/ros2_ws/install/rover_bringup/bin'
[2.602s] INFO:colcon.colcon_core.shell:Creating package script '/home/jaro/projects/ortho_v9/ros2_ws/install/rover_bringup/share/rover_bringup/package.ps1'
[2.602s] INFO:colcon.colcon_core.shell:Creating package descriptor '/home/jaro/projects/ortho_v9/ros2_ws/install/rover_bringup/share/rover_bringup/package.dsv'
[2.603s] INFO:colcon.colcon_core.shell:Creating package script '/home/jaro/projects/ortho_v9/ros2_ws/install/rover_bringup/share/rover_bringup/package.sh'
[2.604s] INFO:colcon.colcon_core.shell:Creating package script '/home/jaro/projects/ortho_v9/ros2_ws/install/rover_bringup/share/rover_bringup/package.bash'
[2.604s] INFO:colcon.colcon_core.shell:Creating package script '/home/jaro/projects/ortho_v9/ros2_ws/install/rover_bringup/share/rover_bringup/package.zsh'
[2.605s] Level 1:colcon.colcon_core.environment:create_file_with_runtime_dependencies(/home/jaro/projects/ortho_v9/ros2_ws/install/rover_bringup/share/colcon-core/packages/rover_bringup)
[2.701s] DEBUG:colcon.colcon_core.event_handler.log_command:Invoking command in '/home/jaro/projects/ortho_v9/ros2_ws/build/terrain_perception': PYTHONPATH=/home/jaro/projects/ortho_v9/ros2_ws/build/terrain_perception/prefix_override:/usr/lib/python3/dist-packages/colcon_core/task/python/colcon_distutils_commands:/home/jaro/projects/ortho_v9/ros2_ws/install/terrain_perception/lib/python3.10/site-packages:${PYTHONPATH} /usr/bin/python3 -W ignore:setup.py install is deprecated -W ignore:easy_install command is deprecated setup.py develop --editable --build-directory /home/jaro/projects/ortho_v9/ros2_ws/build/terrain_perception/build --no-deps symlink_data
[2.712s] DEBUG:colcon.colcon_core.event_handler.log_command:Invoking command in '/home/jaro/projects/ortho_v9/ros2_ws/build/terrain_topology_nav': PYTHONPATH=/home/jaro/projects/ortho_v9/ros2_ws/build/terrain_topology_nav/prefix_override:/usr/lib/python3/dist-packages/colcon_core/task/python/colcon_distutils_commands:/home/jaro/projects/ortho_v9/ros2_ws/install/terrain_topology_nav/lib/python3.10/site-packages:${PYTHONPATH} /usr/bin/python3 -W ignore:setup.py install is deprecated -W ignore:easy_install command is deprecated setup.py develop --editable --build-directory /home/jaro/projects/ortho_v9/ros2_ws/build/terrain_topology_nav/build --no-deps symlink_data
[2.717s] DEBUG:colcon.colcon_core.event_handler.log_command:Invoking command in '/home/jaro/projects/ortho_v9/ros2_ws/build/terrain_semantics': PYTHONPATH=/home/jaro/projects/ortho_v9/ros2_ws/build/terrain_semantics/prefix_override:/usr/lib/python3/dist-packages/colcon_core/task/python/colcon_distutils_commands:/home/jaro/projects/ortho_v9/ros2_ws/install/terrain_semantics/lib/python3.10/site-packages:${PYTHONPATH} /usr/bin/python3 -W ignore:setup.py install is deprecated -W ignore:easy_install command is deprecated setup.py develop --editable --build-directory /home/jaro/projects/ortho_v9/ros2_ws/build/terrain_semantics/build --no-deps symlink_data
[2.722s] DEBUG:colcon.colcon_core.event_handler.log_command:Invoking command in '/home/jaro/projects/ortho_v9/ros2_ws/build/terrain_gnn': PYTHONPATH=/home/jaro/projects/ortho_v9/ros2_ws/build/terrain_gnn/prefix_override:/usr/lib/python3/dist-packages/colcon_core/task/python/colcon_distutils_commands:/home/jaro/projects/ortho_v9/ros2_ws/install/terrain_gnn/lib/python3.10/site-packages:${PYTHONPATH} /usr/bin/python3 -W ignore:setup.py install is deprecated -W ignore:easy_install command is deprecated setup.py develop --editable --build-directory /home/jaro/projects/ortho_v9/ros2_ws/build/terrain_gnn/build --no-deps symlink_data
[3.566s] Level 1:colcon.colcon_core.shell:create_environment_hook('terrain_perception', 'pythonpath_develop')
[3.567s] DEBUG:colcon.colcon_core.event_handler.log_command:Invoked command in '/home/jaro/projects/ortho_v9/ros2_ws/build/terrain_perception' returned '0': PYTHONPATH=/home/jaro/projects/ortho_v9/ros2_ws/build/terrain_perception/prefix_override:/usr/lib/python3/dist-packages/colcon_core/task/python/colcon_distutils_commands:/home/jaro/projects/ortho_v9/ros2_ws/install/terrain_perception/lib/python3.10/site-packages:${PYTHONPATH} /usr/bin/python3 -W ignore:setup.py install is deprecated -W ignore:easy_install command is deprecated setup.py develop --editable --build-directory /home/jaro/projects/ortho_v9/ros2_ws/build/terrain_perception/build --no-deps symlink_data
[3.567s] INFO:colcon.colcon_core.shell:Creating environment hook '/home/jaro/projects/ortho_v9/ros2_ws/build/terrain_perception/share/terrain_perception/hook/pythonpath_develop.ps1'
[3.569s] INFO:colcon.colcon_core.shell:Creating environment descriptor '/home/jaro/projects/ortho_v9/ros2_ws/build/terrain_perception/share/terrain_perception/hook/pythonpath_develop.dsv'
[3.569s] INFO:colcon.colcon_core.shell:Creating environment hook '/home/jaro/projects/ortho_v9/ros2_ws/build/terrain_perception/share/terrain_perception/hook/pythonpath_develop.sh'
[3.570s] Level 1:colcon.colcon_core.environment:checking '/home/jaro/projects/ortho_v9/ros2_ws/install/terrain_perception' for CMake module files
[3.571s] Level 1:colcon.colcon_core.environment:checking '/home/jaro/projects/ortho_v9/ros2_ws/install/terrain_perception' for CMake config files
[3.572s] Level 1:colcon.colcon_core.environment:checking '/home/jaro/projects/ortho_v9/ros2_ws/install/terrain_perception/lib'
[3.572s] Level 1:colcon.colcon_core.environment:checking '/home/jaro/projects/ortho_v9/ros2_ws/install/terrain_perception/bin'
[3.572s] Level 1:colcon.colcon_core.shell:create_environment_hook('terrain_perception', 'path')
[3.573s] INFO:colcon.colcon_core.shell:Creating environment hook '/home/jaro/projects/ortho_v9/ros2_ws/install/terrain_perception/share/terrain_perception/hook/path.ps1'
[3.573s] INFO:colcon.colcon_core.shell:Creating environment descriptor '/home/jaro/projects/ortho_v9/ros2_ws/install/terrain_perception/share/terrain_perception/hook/path.dsv'
[3.574s] INFO:colcon.colcon_core.shell:Creating environment hook '/home/jaro/projects/ortho_v9/ros2_ws/install/terrain_perception/share/terrain_perception/hook/path.sh'
[3.575s] Level 1:colcon.colcon_core.environment:checking '/home/jaro/projects/ortho_v9/ros2_ws/install/terrain_perception/lib/pkgconfig/terrain_perception.pc'
[3.575s] Level 1:colcon.colcon_core.environment:checking '/home/jaro/projects/ortho_v9/ros2_ws/install/terrain_perception/lib/python3.10/site-packages'
[3.575s] Level 1:colcon.colcon_core.shell:create_environment_hook('terrain_perception', 'pythonpath')
[3.576s] INFO:colcon.colcon_core.shell:Creating environment hook '/home/jaro/projects/ortho_v9/ros2_ws/install/terrain_perception/share/terrain_perception/hook/pythonpath.ps1'
[3.576s] INFO:colcon.colcon_core.shell:Creating environment descriptor '/home/jaro/projects/ortho_v9/ros2_ws/install/terrain_perception/share/terrain_perception/hook/pythonpath.dsv'
[3.577s] INFO:colcon.colcon_core.shell:Creating environment hook '/home/jaro/projects/ortho_v9/ros2_ws/install/terrain_perception/share/terrain_perception/hook/pythonpath.sh'
[3.578s] Level 1:colcon.colcon_core.environment:checking '/home/jaro/projects/ortho_v9/ros2_ws/install/terrain_perception/bin'
[3.579s] Level 1:colcon.colcon_core.shell:create_environment_hook('terrain_perception', 'pythonscriptspath')
[3.579s] INFO:colcon.colcon_core.shell:Creating environment hook '/home/jaro/projects/ortho_v9/ros2_ws/install/terrain_perception/share/terrain_perception/hook/pythonscriptspath.ps1'
[3.580s] INFO:colcon.colcon_core.shell:Creating environment descriptor '/home/jaro/projects/ortho_v9/ros2_ws/install/terrain_perception/share/terrain_perception/hook/pythonscriptspath.dsv'
[3.580s] INFO:colcon.colcon_core.shell:Creating environment hook '/home/jaro/projects/ortho_v9/ros2_ws/install/terrain_perception/share/terrain_perception/hook/pythonscriptspath.sh'
[3.581s] Level 1:colcon.colcon_core.environment:create_environment_scripts_only(terrain_perception)
[3.582s] INFO:colcon.colcon_core.shell:Creating package script '/home/jaro/projects/ortho_v9/ros2_ws/install/terrain_perception/share/terrain_perception/package.ps1'
[3.583s] INFO:colcon.colcon_core.shell:Creating package descriptor '/home/jaro/projects/ortho_v9/ros2_ws/install/terrain_perception/share/terrain_perception/package.dsv'
[3.584s] INFO:colcon.colcon_core.shell:Creating package script '/home/jaro/projects/ortho_v9/ros2_ws/install/terrain_perception/share/terrain_perception/package.sh'
[3.584s] INFO:colcon.colcon_core.shell:Creating package script '/home/jaro/projects/ortho_v9/ros2_ws/install/terrain_perception/share/terrain_perception/package.bash'
[3.585s] INFO:colcon.colcon_core.shell:Creating package script '/home/jaro/projects/ortho_v9/ros2_ws/install/terrain_perception/share/terrain_perception/package.zsh'
[3.585s] Level 1:colcon.colcon_core.environment:create_file_with_runtime_dependencies(/home/jaro/projects/ortho_v9/ros2_ws/install/terrain_perception/share/colcon-core/packages/terrain_perception)
[3.588s] Level 1:colcon.colcon_core.shell:create_environment_hook('terrain_topology_nav', 'pythonpath_develop')
[3.588s] INFO:colcon.colcon_core.shell:Creating environment hook '/home/jaro/projects/ortho_v9/ros2_ws/build/terrain_topology_nav/share/terrain_topology_nav/hook/pythonpath_develop.ps1'
[3.589s] DEBUG:colcon.colcon_core.event_handler.log_command:Invoked command in '/home/jaro/projects/ortho_v9/ros2_ws/build/terrain_topology_nav' returned '0': PYTHONPATH=/home/jaro/projects/ortho_v9/ros2_ws/build/terrain_topology_nav/prefix_override:/usr/lib/python3/dist-packages/colcon_core/task/python/colcon_distutils_commands:/home/jaro/projects/ortho_v9/ros2_ws/install/terrain_topology_nav/lib/python3.10/site-packages:${PYTHONPATH} /usr/bin/python3 -W ignore:setup.py install is deprecated -W ignore:easy_install command is deprecated setup.py develop --editable --build-directory /home/jaro/projects/ortho_v9/ros2_ws/build/terrain_topology_nav/build --no-deps symlink_data
[3.590s] INFO:colcon.colcon_core.shell:Creating environment descriptor '/home/jaro/projects/ortho_v9/ros2_ws/build/terrain_topology_nav/share/terrain_topology_nav/hook/pythonpath_develop.dsv'
[3.590s] INFO:colcon.colcon_core.shell:Creating environment hook '/home/jaro/projects/ortho_v9/ros2_ws/build/terrain_topology_nav/share/terrain_topology_nav/hook/pythonpath_develop.sh'
[3.591s] Level 1:colcon.colcon_core.environment:checking '/home/jaro/projects/ortho_v9/ros2_ws/install/terrain_topology_nav' for CMake module files
[3.591s] Level 1:colcon.colcon_core.environment:checking '/home/jaro/projects/ortho_v9/ros2_ws/install/terrain_topology_nav' for CMake config files
[3.592s] Level 1:colcon.colcon_core.environment:checking '/home/jaro/projects/ortho_v9/ros2_ws/install/terrain_topology_nav/lib'
[3.592s] Level 1:colcon.colcon_core.environment:checking '/home/jaro/projects/ortho_v9/ros2_ws/install/terrain_topology_nav/bin'
[3.592s] Level 1:colcon.colcon_core.shell:create_environment_hook('terrain_topology_nav', 'path')
[3.593s] INFO:colcon.colcon_core.shell:Creating environment hook '/home/jaro/projects/ortho_v9/ros2_ws/install/terrain_topology_nav/share/terrain_topology_nav/hook/path.ps1'
[3.593s] INFO:colcon.colcon_core.shell:Creating environment descriptor '/home/jaro/projects/ortho_v9/ros2_ws/install/terrain_topology_nav/share/terrain_topology_nav/hook/path.dsv'
[3.594s] INFO:colcon.colcon_core.shell:Creating environment hook '/home/jaro/projects/ortho_v9/ros2_ws/install/terrain_topology_nav/share/terrain_topology_nav/hook/path.sh'
[3.594s] Level 1:colcon.colcon_core.environment:checking '/home/jaro/projects/ortho_v9/ros2_ws/install/terrain_topology_nav/lib/pkgconfig/terrain_topology_nav.pc'
[3.595s] Level 1:colcon.colcon_core.environment:checking '/home/jaro/projects/ortho_v9/ros2_ws/install/terrain_topology_nav/lib/python3.10/site-packages'
[3.595s] Level 1:colcon.colcon_core.shell:create_environment_hook('terrain_topology_nav', 'pythonpath')
[3.595s] INFO:colcon.colcon_core.shell:Creating environment hook '/home/jaro/projects/ortho_v9/ros2_ws/install/terrain_topology_nav/share/terrain_topology_nav/hook/pythonpath.ps1'
[3.596s] INFO:colcon.colcon_core.shell:Creating environment descriptor '/home/jaro/projects/ortho_v9/ros2_ws/install/terrain_topology_nav/share/terrain_topology_nav/hook/pythonpath.dsv'
[3.596s] INFO:colcon.colcon_core.shell:Creating environment hook '/home/jaro/projects/ortho_v9/ros2_ws/install/terrain_topology_nav/share/terrain_topology_nav/hook/pythonpath.sh'
[3.597s] Level 1:colcon.colcon_core.environment:checking '/home/jaro/projects/ortho_v9/ros2_ws/install/terrain_topology_nav/bin'
[3.597s] Level 1:colcon.colcon_core.shell:create_environment_hook('terrain_topology_nav', 'pythonscriptspath')
[3.598s] INFO:colcon.colcon_core.shell:Creating environment hook '/home/jaro/projects/ortho_v9/ros2_ws/install/terrain_topology_nav/share/terrain_topology_nav/hook/pythonscriptspath.ps1'
[3.598s] INFO:colcon.colcon_core.shell:Creating environment descriptor '/home/jaro/projects/ortho_v9/ros2_ws/install/terrain_topology_nav/share/terrain_topology_nav/hook/pythonscriptspath.dsv'
[3.599s] INFO:colcon.colcon_core.shell:Creating environment hook '/home/jaro/projects/ortho_v9/ros2_ws/install/terrain_topology_nav/share/terrain_topology_nav/hook/pythonscriptspath.sh'
[3.599s] Level 1:colcon.colcon_core.environment:create_environment_scripts_only(terrain_topology_nav)
[3.600s] INFO:colcon.colcon_core.shell:Creating package script '/home/jaro/projects/ortho_v9/ros2_ws/install/terrain_topology_nav/share/terrain_topology_nav/package.ps1'
[3.601s] INFO:colcon.colcon_core.shell:Creating package descriptor '/home/jaro/projects/ortho_v9/ros2_ws/install/terrain_topology_nav/share/terrain_topology_nav/package.dsv'
[3.602s] INFO:colcon.colcon_core.shell:Creating package script '/home/jaro/projects/ortho_v9/ros2_ws/install/terrain_topology_nav/share/terrain_topology_nav/package.sh'
[3.603s] INFO:colcon.colcon_core.shell:Creating package script '/home/jaro/projects/ortho_v9/ros2_ws/install/terrain_topology_nav/share/terrain_topology_nav/package.bash'
[3.604s] INFO:colcon.colcon_core.shell:Creating package script '/home/jaro/projects/ortho_v9/ros2_ws/install/terrain_topology_nav/share/terrain_topology_nav/package.zsh'
[3.604s] Level 1:colcon.colcon_core.environment:create_file_with_runtime_dependencies(/home/jaro/projects/ortho_v9/ros2_ws/install/terrain_topology_nav/share/colcon-core/packages/terrain_topology_nav)
[3.605s] Level 1:colcon.colcon_core.shell:create_environment_hook('terrain_semantics', 'pythonpath_develop')
[3.607s] INFO:colcon.colcon_core.shell:Creating environment hook '/home/jaro/projects/ortho_v9/ros2_ws/build/terrain_semantics/share/terrain_semantics/hook/pythonpath_develop.ps1'
[3.608s] INFO:colcon.colcon_core.shell:Creating environment descriptor '/home/jaro/projects/ortho_v9/ros2_ws/build/terrain_semantics/share/terrain_semantics/hook/pythonpath_develop.dsv'
[3.608s] INFO:colcon.colcon_core.shell:Creating environment hook '/home/jaro/projects/ortho_v9/ros2_ws/build/terrain_semantics/share/terrain_semantics/hook/pythonpath_develop.sh'
[3.609s] Level 1:colcon.colcon_core.environment:checking '/home/jaro/projects/ortho_v9/ros2_ws/install/terrain_semantics' for CMake module files
[3.606s] DEBUG:colcon.colcon_core.event_handler.log_command:Invoked command in '/home/jaro/projects/ortho_v9/ros2_ws/build/terrain_semantics' returned '0': PYTHONPATH=/home/jaro/projects/ortho_v9/ros2_ws/build/terrain_semantics/prefix_override:/usr/lib/python3/dist-packages/colcon_core/task/python/colcon_distutils_commands:/home/jaro/projects/ortho_v9/ros2_ws/install/terrain_semantics/lib/python3.10/site-packages:${PYTHONPATH} /usr/bin/python3 -W ignore:setup.py install is deprecated -W ignore:easy_install command is deprecated setup.py develop --editable --build-directory /home/jaro/projects/ortho_v9/ros2_ws/build/terrain_semantics/build --no-deps symlink_data
[3.609s] Level 1:colcon.colcon_core.environment:checking '/home/jaro/projects/ortho_v9/ros2_ws/install/terrain_semantics' for CMake config files
[3.610s] Level 1:colcon.colcon_core.environment:checking '/home/jaro/projects/ortho_v9/ros2_ws/install/terrain_semantics/lib'
[3.610s] Level 1:colcon.colcon_core.environment:checking '/home/jaro/projects/ortho_v9/ros2_ws/install/terrain_semantics/bin'
[3.610s] Level 1:colcon.colcon_core.shell:create_environment_hook('terrain_semantics', 'path')
[3.611s] INFO:colcon.colcon_core.shell:Creating environment hook '/home/jaro/projects/ortho_v9/ros2_ws/install/terrain_semantics/share/terrain_semantics/hook/path.ps1'
[3.611s] INFO:colcon.colcon_core.shell:Creating environment descriptor '/home/jaro/projects/ortho_v9/ros2_ws/install/terrain_semantics/share/terrain_semantics/hook/path.dsv'
[3.612s] INFO:colcon.colcon_core.shell:Creating environment hook '/home/jaro/projects/ortho_v9/ros2_ws/install/terrain_semantics/share/terrain_semantics/hook/path.sh'
[3.612s] Level 1:colcon.colcon_core.environment:checking '/home/jaro/projects/ortho_v9/ros2_ws/install/terrain_semantics/lib/pkgconfig/terrain_semantics.pc'
[3.613s] Level 1:colcon.colcon_core.environment:checking '/home/jaro/projects/ortho_v9/ros2_ws/install/terrain_semantics/lib/python3.10/site-packages'
[3.613s] Level 1:colcon.colcon_core.shell:create_environment_hook('terrain_semantics', 'pythonpath')
[3.613s] INFO:colcon.colcon_core.shell:Creating environment hook '/home/jaro/projects/ortho_v9/ros2_ws/install/terrain_semantics/share/terrain_semantics/hook/pythonpath.ps1'
[3.613s] INFO:colcon.colcon_core.shell:Creating environment descriptor '/home/jaro/projects/ortho_v9/ros2_ws/install/terrain_semantics/share/terrain_semantics/hook/pythonpath.dsv'
[3.614s] INFO:colcon.colcon_core.shell:Creating environment hook '/home/jaro/projects/ortho_v9/ros2_ws/install/terrain_semantics/share/terrain_semantics/hook/pythonpath.sh'
[3.615s] Level 1:colcon.colcon_core.environment:checking '/home/jaro/projects/ortho_v9/ros2_ws/install/terrain_semantics/bin'
[3.615s] Level 1:colcon.colcon_core.shell:create_environment_hook('terrain_semantics', 'pythonscriptspath')
[3.616s] INFO:colcon.colcon_core.shell:Creating environment hook '/home/jaro/projects/ortho_v9/ros2_ws/install/terrain_semantics/share/terrain_semantics/hook/pythonscriptspath.ps1'
[3.616s] INFO:colcon.colcon_core.shell:Creating environment descriptor '/home/jaro/projects/ortho_v9/ros2_ws/install/terrain_semantics/share/terrain_semantics/hook/pythonscriptspath.dsv'
[3.617s] INFO:colcon.colcon_core.shell:Creating environment hook '/home/jaro/projects/ortho_v9/ros2_ws/install/terrain_semantics/share/terrain_semantics/hook/pythonscriptspath.sh'
[3.617s] Level 1:colcon.colcon_core.environment:create_environment_scripts_only(terrain_semantics)
[3.618s] INFO:colcon.colcon_core.shell:Creating package script '/home/jaro/projects/ortho_v9/ros2_ws/install/terrain_semantics/share/terrain_semantics/package.ps1'
[3.619s] INFO:colcon.colcon_core.shell:Creating package descriptor '/home/jaro/projects/ortho_v9/ros2_ws/install/terrain_semantics/share/terrain_semantics/package.dsv'
[3.620s] INFO:colcon.colcon_core.shell:Creating package script '/home/jaro/projects/ortho_v9/ros2_ws/install/terrain_semantics/share/terrain_semantics/package.sh'
[3.620s] INFO:colcon.colcon_core.shell:Creating package script '/home/jaro/projects/ortho_v9/ros2_ws/install/terrain_semantics/share/terrain_semantics/package.bash'
[3.621s] INFO:colcon.colcon_core.shell:Creating package script '/home/jaro/projects/ortho_v9/ros2_ws/install/terrain_semantics/share/terrain_semantics/package.zsh'
[3.622s] Level 1:colcon.colcon_core.environment:create_file_with_runtime_dependencies(/home/jaro/projects/ortho_v9/ros2_ws/install/terrain_semantics/share/colcon-core/packages/terrain_semantics)
[3.623s] Level 1:colcon.colcon_core.shell:create_environment_hook('terrain_gnn', 'pythonpath_develop')
[3.624s] INFO:colcon.colcon_core.shell:Creating environment hook '/home/jaro/projects/ortho_v9/ros2_ws/build/terrain_gnn/share/terrain_gnn/hook/pythonpath_develop.ps1'
[3.625s] DEBUG:colcon.colcon_core.event_handler.log_command:Invoked command in '/home/jaro/projects/ortho_v9/ros2_ws/build/terrain_gnn' returned '0': PYTHONPATH=/home/jaro/projects/ortho_v9/ros2_ws/build/terrain_gnn/prefix_override:/usr/lib/python3/dist-packages/colcon_core/task/python/colcon_distutils_commands:/home/jaro/projects/ortho_v9/ros2_ws/install/terrain_gnn/lib/python3.10/site-packages:${PYTHONPATH} /usr/bin/python3 -W ignore:setup.py install is deprecated -W ignore:easy_install command is deprecated setup.py develop --editable --build-directory /home/jaro/projects/ortho_v9/ros2_ws/build/terrain_gnn/build --no-deps symlink_data
[3.625s] INFO:colcon.colcon_core.shell:Creating environment descriptor '/home/jaro/projects/ortho_v9/ros2_ws/build/terrain_gnn/share/terrain_gnn/hook/pythonpath_develop.dsv'
[3.626s] INFO:colcon.colcon_core.shell:Creating environment hook '/home/jaro/projects/ortho_v9/ros2_ws/build/terrain_gnn/share/terrain_gnn/hook/pythonpath_develop.sh'
[3.626s] Level 1:colcon.colcon_core.environment:checking '/home/jaro/projects/ortho_v9/ros2_ws/install/terrain_gnn' for CMake module files
[3.627s] Level 1:colcon.colcon_core.environment:checking '/home/jaro/projects/ortho_v9/ros2_ws/install/terrain_gnn' for CMake config files
[3.628s] Level 1:colcon.colcon_core.environment:checking '/home/jaro/projects/ortho_v9/ros2_ws/install/terrain_gnn/lib'
[3.628s] Level 1:colcon.colcon_core.environment:checking '/home/jaro/projects/ortho_v9/ros2_ws/install/terrain_gnn/bin'
[3.628s] Level 1:colcon.colcon_core.shell:create_environment_hook('terrain_gnn', 'path')
[3.628s] INFO:colcon.colcon_core.shell:Creating environment hook '/home/jaro/projects/ortho_v9/ros2_ws/install/terrain_gnn/share/terrain_gnn/hook/path.ps1'
[3.628s] INFO:colcon.colcon_core.shell:Creating environment descriptor '/home/jaro/projects/ortho_v9/ros2_ws/install/terrain_gnn/share/terrain_gnn/hook/path.dsv'
[3.629s] INFO:colcon.colcon_core.shell:Creating environment hook '/home/jaro/projects/ortho_v9/ros2_ws/install/terrain_gnn/share/terrain_gnn/hook/path.sh'
[3.629s] Level 1:colcon.colcon_core.environment:checking '/home/jaro/projects/ortho_v9/ros2_ws/install/terrain_gnn/lib/pkgconfig/terrain_gnn.pc'
[3.630s] Level 1:colcon.colcon_core.environment:checking '/home/jaro/projects/ortho_v9/ros2_ws/install/terrain_gnn/lib/python3.10/site-packages'
[3.630s] Level 1:colcon.colcon_core.shell:create_environment_hook('terrain_gnn', 'pythonpath')
[3.630s] INFO:colcon.colcon_core.shell:Creating environment hook '/home/jaro/projects/ortho_v9/ros2_ws/install/terrain_gnn/share/terrain_gnn/hook/pythonpath.ps1'
[3.630s] INFO:colcon.colcon_core.shell:Creating environment descriptor '/home/jaro/projects/ortho_v9/ros2_ws/install/terrain_gnn/share/terrain_gnn/hook/pythonpath.dsv'
[3.631s] INFO:colcon.colcon_core.shell:Creating environment hook '/home/jaro/projects/ortho_v9/ros2_ws/install/terrain_gnn/share/terrain_gnn/hook/pythonpath.sh'
[3.632s] Level 1:colcon.colcon_core.environment:checking '/home/jaro/projects/ortho_v9/ros2_ws/install/terrain_gnn/bin'
[3.632s] Level 1:colcon.colcon_core.shell:create_environment_hook('terrain_gnn', 'pythonscriptspath')
[3.633s] INFO:colcon.colcon_core.shell:Creating environment hook '/home/jaro/projects/ortho_v9/ros2_ws/install/terrain_gnn/share/terrain_gnn/hook/pythonscriptspath.ps1'
[3.633s] INFO:colcon.colcon_core.shell:Creating environment descriptor '/home/jaro/projects/ortho_v9/ros2_ws/install/terrain_gnn/share/terrain_gnn/hook/pythonscriptspath.dsv'
[3.634s] INFO:colcon.colcon_core.shell:Creating environment hook '/home/jaro/projects/ortho_v9/ros2_ws/install/terrain_gnn/share/terrain_gnn/hook/pythonscriptspath.sh'
[3.634s] Level 1:colcon.colcon_core.environment:create_environment_scripts_only(terrain_gnn)
[3.635s] INFO:colcon.colcon_core.shell:Creating package script '/home/jaro/projects/ortho_v9/ros2_ws/install/terrain_gnn/share/terrain_gnn/package.ps1'
[3.636s] INFO:colcon.colcon_core.shell:Creating package descriptor '/home/jaro/projects/ortho_v9/ros2_ws/install/terrain_gnn/share/terrain_gnn/package.dsv'
[3.637s] INFO:colcon.colcon_core.shell:Creating package script '/home/jaro/projects/ortho_v9/ros2_ws/install/terrain_gnn/share/terrain_gnn/package.sh'
[3.637s] INFO:colcon.colcon_core.shell:Creating package script '/home/jaro/projects/ortho_v9/ros2_ws/install/terrain_gnn/share/terrain_gnn/package.bash'
[3.638s] INFO:colcon.colcon_core.shell:Creating package script '/home/jaro/projects/ortho_v9/ros2_ws/install/terrain_gnn/share/terrain_gnn/package.zsh'
[3.638s] Level 1:colcon.colcon_core.environment:create_file_with_runtime_dependencies(/home/jaro/projects/ortho_v9/ros2_ws/install/terrain_gnn/share/colcon-core/packages/terrain_gnn)
[3.639s] DEBUG:colcon.colcon_parallel_executor.executor.parallel:closing loop
[3.639s] DEBUG:colcon.colcon_parallel_executor.executor.parallel:loop closed
[3.639s] DEBUG:colcon.colcon_parallel_executor.executor.parallel:run_until_complete finished with '0'
[3.639s] DEBUG:colcon.colcon_core.event_reactor:joining thread
[3.648s] INFO:colcon.colcon_core.plugin_system:Skipping extension 'colcon_notification.desktop_notification.terminal_notifier': Not used on non-Darwin systems
[3.649s] INFO:colcon.colcon_core.plugin_system:Skipping extension 'colcon_notification.desktop_notification.win32': Not used on non-Windows systems
[3.649s] INFO:colcon.colcon_notification.desktop_notification:Sending desktop notification using 'notify2'
[3.668s] DEBUG:colcon.colcon_core.event_reactor:joined thread
[3.669s] INFO:colcon.colcon_core.shell:Creating prefix script '/home/jaro/projects/ortho_v9/ros2_ws/install/local_setup.ps1'
[3.670s] INFO:colcon.colcon_core.shell:Creating prefix util module '/home/jaro/projects/ortho_v9/ros2_ws/install/_local_setup_util_ps1.py'
[3.672s] INFO:colcon.colcon_core.shell:Creating prefix chain script '/home/jaro/projects/ortho_v9/ros2_ws/install/setup.ps1'
[3.674s] INFO:colcon.colcon_core.shell:Creating prefix script '/home/jaro/projects/ortho_v9/ros2_ws/install/local_setup.sh'
[3.674s] INFO:colcon.colcon_core.shell:Creating prefix util module '/home/jaro/projects/ortho_v9/ros2_ws/install/_local_setup_util_sh.py'
[3.675s] INFO:colcon.colcon_core.shell:Creating prefix chain script '/home/jaro/projects/ortho_v9/ros2_ws/install/setup.sh'
[3.676s] INFO:colcon.colcon_core.shell:Creating prefix script '/home/jaro/projects/ortho_v9/ros2_ws/install/local_setup.bash'
[3.677s] INFO:colcon.colcon_core.shell:Creating prefix chain script '/home/jaro/projects/ortho_v9/ros2_ws/install/setup.bash'
[3.678s] INFO:colcon.colcon_core.shell:Creating prefix script '/home/jaro/projects/ortho_v9/ros2_ws/install/local_setup.zsh'
[3.679s] INFO:colcon.colcon_core.shell:Creating prefix chain script '/home/jaro/projects/ortho_v9/ros2_ws/install/setup.zsh'
