running develop
running egg_info
creating terrain_topology_nav.egg-info
writing terrain_topology_nav.egg-info/PKG-INFO
writing dependency_links to terrain_topology_nav.egg-info/dependency_links.txt
writing entry points to terrain_topology_nav.egg-info/entry_points.txt
writing requirements to terrain_topology_nav.egg-info/requires.txt
writing top-level names to terrain_topology_nav.egg-info/top_level.txt
writing manifest file 'terrain_topology_nav.egg-info/SOURCES.txt'
reading manifest file 'terrain_topology_nav.egg-info/SOURCES.txt'
writing manifest file 'terrain_topology_nav.egg-info/SOURCES.txt'
running build_ext
Creating /home/jaro/projects/ortho_v9/ros2_ws/install/terrain_topology_nav/lib/python3.10/site-packages/terrain-topology-nav.egg-link (link to .)
Installing topology_monitor script to /home/jaro/projects/ortho_v9/ros2_ws/install/terrain_topology_nav/bin

Installed /home/jaro/projects/ortho_v9/ros2_ws/build/terrain_topology_nav
running symlink_data
creating /home/jaro/projects/ortho_v9/ros2_ws/install/terrain_topology_nav/share/ament_index
creating /home/jaro/projects/ortho_v9/ros2_ws/install/terrain_topology_nav/share/ament_index/resource_index
creating /home/jaro/projects/ortho_v9/ros2_ws/install/terrain_topology_nav/share/ament_index/resource_index/packages
symbolically linking /home/jaro/projects/ortho_v9/ros2_ws/build/terrain_topology_nav/resource/terrain_topology_nav -> /home/jaro/projects/ortho_v9/ros2_ws/install/terrain_topology_nav/share/ament_index/resource_index/packages
symbolically linking /home/jaro/projects/ortho_v9/ros2_ws/build/terrain_topology_nav/package.xml -> /home/jaro/projects/ortho_v9/ros2_ws/install/terrain_topology_nav/share/terrain_topology_nav
creating /home/jaro/projects/ortho_v9/ros2_ws/install/terrain_topology_nav/share/terrain_topology_nav/launch
symbolically linking /home/jaro/projects/ortho_v9/ros2_ws/build/terrain_topology_nav/launch/topology_monitor.launch.py -> /home/jaro/projects/ortho_v9/ros2_ws/install/terrain_topology_nav/share/terrain_topology_nav/launch
