-- The C compiler identification is GNU 11.4.0
-- The CXX compiler identification is GNU 11.4.0
-- Detecting C compiler ABI info
-- Detecting C compiler ABI info - done
-- Check for working C compiler: /usr/bin/cc - skipped
-- Detecting C compile features
-- Detecting C compile features - done
-- Detecting CXX compiler ABI info
-- Detecting CXX compiler ABI info - done
-- Check for working CXX compiler: /usr/bin/c++ - skipped
-- Detecting CXX compile features
-- Detecting CXX compile features - done
-- Found ament_cmake: 1.3.13 (/opt/ros/humble/share/ament_cmake/cmake)
-- Found Python3: /usr/bin/python3 (found version "3.10.12") found components: Interpreter 
-- Override CMake install command with custom implementation using symlinks instead of copying resources
-- Configuring done
-- Generating done
-- Build files have been written to: /home/jaro/projects/ortho_v9/ros2_ws/build/rover_bringup
gmake[1]: Entering directory '/home/jaro/projects/ortho_v9/ros2_ws/build/rover_bringup'
gmake[1]: Leaving directory '/home/jaro/projects/ortho_v9/ros2_ws/build/rover_bringup'
-- Install configuration: ""
-- Execute custom install script
-- Symlinking: /home/jaro/projects/ortho_v9/ros2_ws/install/rover_bringup/share/rover_bringup/launch/nav2_stack.launch.py
-- Symlinking: /home/jaro/projects/ortho_v9/ros2_ws/install/rover_bringup/share/rover_bringup/launch/sim_nav.launch.py
-- Symlinking: /home/jaro/projects/ortho_v9/ros2_ws/install/rover_bringup/share/rover_bringup/config/bridge.yaml
-- Symlinking: /home/jaro/projects/ortho_v9/ros2_ws/install/rover_bringup/share/rover_bringup/config/ekf.yaml
-- Symlinking: /home/jaro/projects/ortho_v9/ros2_ws/install/rover_bringup/share/rover_bringup/config/nav2_params.yaml
-- Symlinking: /home/jaro/projects/ortho_v9/ros2_ws/install/rover_bringup/share/rover_bringup/rviz/nav2_default.rviz
-- Symlinking: /home/jaro/projects/ortho_v9/ros2_ws/install/rover_bringup/share/ament_index/resource_index/package_run_dependencies/rover_bringup
-- Symlinking: /home/jaro/projects/ortho_v9/ros2_ws/install/rover_bringup/share/ament_index/resource_index/parent_prefix_path/rover_bringup
-- Symlinking: /home/jaro/projects/ortho_v9/ros2_ws/install/rover_bringup/share/rover_bringup/environment/ament_prefix_path.sh
-- Symlinking: /home/jaro/projects/ortho_v9/ros2_ws/install/rover_bringup/share/rover_bringup/environment/ament_prefix_path.dsv
-- Symlinking: /home/jaro/projects/ortho_v9/ros2_ws/install/rover_bringup/share/rover_bringup/environment/path.sh
-- Symlinking: /home/jaro/projects/ortho_v9/ros2_ws/install/rover_bringup/share/rover_bringup/environment/path.dsv
-- Symlinking: /home/jaro/projects/ortho_v9/ros2_ws/install/rover_bringup/share/rover_bringup/local_setup.bash
-- Symlinking: /home/jaro/projects/ortho_v9/ros2_ws/install/rover_bringup/share/rover_bringup/local_setup.sh
-- Symlinking: /home/jaro/projects/ortho_v9/ros2_ws/install/rover_bringup/share/rover_bringup/local_setup.zsh
-- Symlinking: /home/jaro/projects/ortho_v9/ros2_ws/install/rover_bringup/share/rover_bringup/local_setup.dsv
-- Symlinking: /home/jaro/projects/ortho_v9/ros2_ws/install/rover_bringup/share/rover_bringup/package.dsv
-- Symlinking: /home/jaro/projects/ortho_v9/ros2_ws/install/rover_bringup/share/ament_index/resource_index/packages/rover_bringup
-- Symlinking: /home/jaro/projects/ortho_v9/ros2_ws/install/rover_bringup/share/rover_bringup/cmake/rover_bringupConfig.cmake
-- Symlinking: /home/jaro/projects/ortho_v9/ros2_ws/install/rover_bringup/share/rover_bringup/cmake/rover_bringupConfig-version.cmake
-- Symlinking: /home/jaro/projects/ortho_v9/ros2_ws/install/rover_bringup/share/rover_bringup/package.xml
