[2.190s] Invoking command in '/home/jaro/projects/ortho_v9/ros2_ws/build/terrain_semantics': PYTHONPATH=/home/jaro/projects/ortho_v9/ros2_ws/build/terrain_semantics/prefix_override:/usr/lib/python3/dist-packages/colcon_core/task/python/colcon_distutils_commands:/home/jaro/projects/ortho_v9/ros2_ws/install/terrain_semantics/lib/python3.10/site-packages:${PYTHONPATH} /usr/bin/python3 -W ignore:setup.py install is deprecated -W ignore:easy_install command is deprecated setup.py develop --editable --build-directory /home/jaro/projects/ortho_v9/ros2_ws/build/terrain_semantics/build --no-deps symlink_data
[2.675s] running develop
[2.973s] running egg_info
[2.973s] creating terrain_semantics.egg-info
[2.974s] writing terrain_semantics.egg-info/PKG-INFO
[2.974s] writing dependency_links to terrain_semantics.egg-info/dependency_links.txt
[2.974s] writing entry points to terrain_semantics.egg-info/entry_points.txt
[2.975s] writing requirements to terrain_semantics.egg-info/requires.txt
[2.975s] writing top-level names to terrain_semantics.egg-info/top_level.txt
[2.975s] writing manifest file 'terrain_semantics.egg-info/SOURCES.txt'
[2.978s] reading manifest file 'terrain_semantics.egg-info/SOURCES.txt'
[2.979s] writing manifest file 'terrain_semantics.egg-info/SOURCES.txt'
[2.982s] running build_ext
[2.983s] Creating /home/jaro/projects/ortho_v9/ros2_ws/install/terrain_semantics/lib/python3.10/site-packages/terrain-semantics.egg-link (link to .)
[2.985s] Installing semantic_segmentation_node script to /home/jaro/projects/ortho_v9/ros2_ws/install/terrain_semantics/bin
[2.985s] 
[2.985s] Installed /home/jaro/projects/ortho_v9/ros2_ws/build/terrain_semantics
[2.986s] running symlink_data
[2.986s] creating /home/jaro/projects/ortho_v9/ros2_ws/install/terrain_semantics/share/ament_index
[2.986s] creating /home/jaro/projects/ortho_v9/ros2_ws/install/terrain_semantics/share/ament_index/resource_index
[2.987s] creating /home/jaro/projects/ortho_v9/ros2_ws/install/terrain_semantics/share/ament_index/resource_index/packages
[2.987s] symbolically linking /home/jaro/projects/ortho_v9/ros2_ws/build/terrain_semantics/resource/terrain_semantics -> /home/jaro/projects/ortho_v9/ros2_ws/install/terrain_semantics/share/ament_index/resource_index/packages
[2.987s] symbolically linking /home/jaro/projects/ortho_v9/ros2_ws/build/terrain_semantics/package.xml -> /home/jaro/projects/ortho_v9/ros2_ws/install/terrain_semantics/share/terrain_semantics
[2.987s] creating /home/jaro/projects/ortho_v9/ros2_ws/install/terrain_semantics/share/terrain_semantics/launch
[2.988s] symbolically linking /home/jaro/projects/ortho_v9/ros2_ws/build/terrain_semantics/launch/semantic_segmentation.launch.py -> /home/jaro/projects/ortho_v9/ros2_ws/install/terrain_semantics/share/terrain_semantics/launch
[3.080s] Invoked command in '/home/jaro/projects/ortho_v9/ros2_ws/build/terrain_semantics' returned '0': PYTHONPATH=/home/jaro/projects/ortho_v9/ros2_ws/build/terrain_semantics/prefix_override:/usr/lib/python3/dist-packages/colcon_core/task/python/colcon_distutils_commands:/home/jaro/projects/ortho_v9/ros2_ws/install/terrain_semantics/lib/python3.10/site-packages:${PYTHONPATH} /usr/bin/python3 -W ignore:setup.py install is deprecated -W ignore:easy_install command is deprecated setup.py develop --editable --build-directory /home/jaro/projects/ortho_v9/ros2_ws/build/terrain_semantics/build --no-deps symlink_data
