[0.049s] Invoking command in '/home/jaro/projects/ortho_v9/ros2_ws/build/rover_bringup': CMAKE_PREFIX_PATH=/opt/ros/humble /usr/bin/cmake --build /home/jaro/projects/ortho_v9/ros2_ws/build/rover_bringup -- -j12 -l12
[1.435s] gmake[1]: Entering directory '/home/jaro/projects/ortho_v9/ros2_ws/build/rover_bringup'
[1.436s] gmake[1]: Leaving directory '/home/jaro/projects/ortho_v9/ros2_ws/build/rover_bringup'
[2.068s] Invoked command in '/home/jaro/projects/ortho_v9/ros2_ws/build/rover_bringup' returned '0': CMAKE_PREFIX_PATH=/opt/ros/humble /usr/bin/cmake --build /home/jaro/projects/ortho_v9/ros2_ws/build/rover_bringup -- -j12 -l12
[2.097s] Invoking command in '/home/jaro/projects/ortho_v9/ros2_ws/build/rover_bringup': CMAKE_PREFIX_PATH=/opt/ros/humble /usr/bin/cmake --install /home/jaro/projects/ortho_v9/ros2_ws/build/rover_bringup
[2.119s] -- Install configuration: ""
[2.119s] -- Execute custom install script
[2.119s] -- Up-to-date symlink: /home/jaro/projects/ortho_v9/ros2_ws/install/rover_bringup/share/rover_bringup/launch/nav2_stack.launch.py
[2.120s] -- Up-to-date symlink: /home/jaro/projects/ortho_v9/ros2_ws/install/rover_bringup/share/rover_bringup/launch/sim_nav.launch.py
[2.120s] -- Up-to-date symlink: /home/jaro/projects/ortho_v9/ros2_ws/install/rover_bringup/share/rover_bringup/config/bridge.yaml
[2.120s] -- Up-to-date symlink: /home/jaro/projects/ortho_v9/ros2_ws/install/rover_bringup/share/rover_bringup/config/ekf.yaml
[2.121s] -- Up-to-date symlink: /home/jaro/projects/ortho_v9/ros2_ws/install/rover_bringup/share/rover_bringup/config/nav2_params.yaml
[2.121s] -- Up-to-date symlink: /home/jaro/projects/ortho_v9/ros2_ws/install/rover_bringup/share/rover_bringup/rviz/nav2_default.rviz
[2.122s] -- Up-to-date symlink: /home/jaro/projects/ortho_v9/ros2_ws/install/rover_bringup/share/ament_index/resource_index/package_run_dependencies/rover_bringup
[2.123s] -- Up-to-date symlink: /home/jaro/projects/ortho_v9/ros2_ws/install/rover_bringup/share/ament_index/resource_index/parent_prefix_path/rover_bringup
[2.123s] -- Up-to-date symlink: /home/jaro/projects/ortho_v9/ros2_ws/install/rover_bringup/share/rover_bringup/environment/ament_prefix_path.sh
[2.124s] -- Up-to-date symlink: /home/jaro/projects/ortho_v9/ros2_ws/install/rover_bringup/share/rover_bringup/environment/ament_prefix_path.dsv
[2.124s] -- Up-to-date symlink: /home/jaro/projects/ortho_v9/ros2_ws/install/rover_bringup/share/rover_bringup/environment/path.sh
[2.125s] -- Up-to-date symlink: /home/jaro/projects/ortho_v9/ros2_ws/install/rover_bringup/share/rover_bringup/environment/path.dsv
[2.125s] -- Up-to-date symlink: /home/jaro/projects/ortho_v9/ros2_ws/install/rover_bringup/share/rover_bringup/local_setup.bash
[2.126s] -- Up-to-date symlink: /home/jaro/projects/ortho_v9/ros2_ws/install/rover_bringup/share/rover_bringup/local_setup.sh
[2.127s] -- Up-to-date symlink: /home/jaro/projects/ortho_v9/ros2_ws/install/rover_bringup/share/rover_bringup/local_setup.zsh
[2.127s] -- Up-to-date symlink: /home/jaro/projects/ortho_v9/ros2_ws/install/rover_bringup/share/rover_bringup/local_setup.dsv
[2.127s] -- Symlinking: /home/jaro/projects/ortho_v9/ros2_ws/install/rover_bringup/share/rover_bringup/package.dsv
[2.152s] -- Up-to-date symlink: /home/jaro/projects/ortho_v9/ros2_ws/install/rover_bringup/share/ament_index/resource_index/packages/rover_bringup
[2.153s] -- Up-to-date symlink: /home/jaro/projects/ortho_v9/ros2_ws/install/rover_bringup/share/rover_bringup/cmake/rover_bringupConfig.cmake
[2.153s] -- Up-to-date symlink: /home/jaro/projects/ortho_v9/ros2_ws/install/rover_bringup/share/rover_bringup/cmake/rover_bringupConfig-version.cmake
[2.154s] -- Up-to-date symlink: /home/jaro/projects/ortho_v9/ros2_ws/install/rover_bringup/share/rover_bringup/package.xml
[2.159s] Invoked command in '/home/jaro/projects/ortho_v9/ros2_ws/build/rover_bringup' returned '0': CMAKE_PREFIX_PATH=/opt/ros/humble /usr/bin/cmake --install /home/jaro/projects/ortho_v9/ros2_ws/build/rover_bringup
