[0.035s] Invoking command in '/home/jaro/projects/ortho_v9/ros2_ws/build/rover_bringup': CMAKE_PREFIX_PATH=/opt/ros/humble /usr/bin/cmake --build /home/jaro/projects/ortho_v9/ros2_ws/build/rover_bringup -- -j12 -l12
[0.857s] gmake[1]: Entering directory '/home/jaro/projects/ortho_v9/ros2_ws/build/rover_bringup'
[0.857s] gmake[1]: Leaving directory '/home/jaro/projects/ortho_v9/ros2_ws/build/rover_bringup'
[1.115s] Invoked command in '/home/jaro/projects/ortho_v9/ros2_ws/build/rover_bringup' returned '0': CMAKE_PREFIX_PATH=/opt/ros/humble /usr/bin/cmake --build /home/jaro/projects/ortho_v9/ros2_ws/build/rover_bringup -- -j12 -l12
[1.128s] Invoking command in '/home/jaro/projects/ortho_v9/ros2_ws/build/rover_bringup': CMAKE_PREFIX_PATH=/opt/ros/humble /usr/bin/cmake --install /home/jaro/projects/ortho_v9/ros2_ws/build/rover_bringup
[1.139s] -- Install configuration: ""
[1.139s] -- Execute custom install script
[1.139s] -- Up-to-date symlink: /home/jaro/projects/ortho_v9/ros2_ws/install/rover_bringup/share/rover_bringup/launch/nav2_stack.launch.py
[1.139s] -- Up-to-date symlink: /home/jaro/projects/ortho_v9/ros2_ws/install/rover_bringup/share/rover_bringup/launch/sim_nav.launch.py
[1.140s] -- Up-to-date symlink: /home/jaro/projects/ortho_v9/ros2_ws/install/rover_bringup/share/rover_bringup/config/bridge.yaml
[1.140s] -- Up-to-date symlink: /home/jaro/projects/ortho_v9/ros2_ws/install/rover_bringup/share/rover_bringup/config/ekf.yaml
[1.140s] -- Up-to-date symlink: /home/jaro/projects/ortho_v9/ros2_ws/install/rover_bringup/share/rover_bringup/config/nav2_params.yaml
[1.140s] -- Up-to-date symlink: /home/jaro/projects/ortho_v9/ros2_ws/install/rover_bringup/share/rover_bringup/rviz/nav2_default.rviz
[1.141s] -- Up-to-date symlink: /home/jaro/projects/ortho_v9/ros2_ws/install/rover_bringup/share/ament_index/resource_index/package_run_dependencies/rover_bringup
[1.141s] -- Up-to-date symlink: /home/jaro/projects/ortho_v9/ros2_ws/install/rover_bringup/share/ament_index/resource_index/parent_prefix_path/rover_bringup
[1.141s] -- Up-to-date symlink: /home/jaro/projects/ortho_v9/ros2_ws/install/rover_bringup/share/rover_bringup/environment/ament_prefix_path.sh
[1.141s] -- Up-to-date symlink: /home/jaro/projects/ortho_v9/ros2_ws/install/rover_bringup/share/rover_bringup/environment/ament_prefix_path.dsv
[1.142s] -- Up-to-date symlink: /home/jaro/projects/ortho_v9/ros2_ws/install/rover_bringup/share/rover_bringup/environment/path.sh
[1.142s] -- Up-to-date symlink: /home/jaro/projects/ortho_v9/ros2_ws/install/rover_bringup/share/rover_bringup/environment/path.dsv
[1.142s] -- Up-to-date symlink: /home/jaro/projects/ortho_v9/ros2_ws/install/rover_bringup/share/rover_bringup/local_setup.bash
[1.143s] -- Up-to-date symlink: /home/jaro/projects/ortho_v9/ros2_ws/install/rover_bringup/share/rover_bringup/local_setup.sh
[1.144s] -- Up-to-date symlink: /home/jaro/projects/ortho_v9/ros2_ws/install/rover_bringup/share/rover_bringup/local_setup.zsh
[1.144s] -- Up-to-date symlink: /home/jaro/projects/ortho_v9/ros2_ws/install/rover_bringup/share/rover_bringup/local_setup.dsv
[1.144s] -- Symlinking: /home/jaro/projects/ortho_v9/ros2_ws/install/rover_bringup/share/rover_bringup/package.dsv
[1.156s] -- Up-to-date symlink: /home/jaro/projects/ortho_v9/ros2_ws/install/rover_bringup/share/ament_index/resource_index/packages/rover_bringup
[1.156s] -- Up-to-date symlink: /home/jaro/projects/ortho_v9/ros2_ws/install/rover_bringup/share/rover_bringup/cmake/rover_bringupConfig.cmake
[1.156s] -- Up-to-date symlink: /home/jaro/projects/ortho_v9/ros2_ws/install/rover_bringup/share/rover_bringup/cmake/rover_bringupConfig-version.cmake
[1.156s] -- Up-to-date symlink: /home/jaro/projects/ortho_v9/ros2_ws/install/rover_bringup/share/rover_bringup/package.xml
[1.159s] Invoked command in '/home/jaro/projects/ortho_v9/ros2_ws/build/rover_bringup' returned '0': CMAKE_PREFIX_PATH=/opt/ros/humble /usr/bin/cmake --install /home/jaro/projects/ortho_v9/ros2_ws/build/rover_bringup
